<?xml version="1.0" encoding="UTF-8"?>
<!-- Generated by org.testng.reporters.JUnitReportReporter -->
<testsuite skipped="0" hostname="DESKTOP-FOK1G80" name="com.pregopower.provider.testcases.BlogsTestcase" tests="9" failures="0" timestamp="7 Dec 2020 16:24:50 GMT" time="155.547" errors="0">
  <testcase name="TC03" time="11.227" classname="com.pregopower.provider.testcases.BlogsTestcase"/>
  <testcase name="TC08" time="29.729" classname="com.pregopower.provider.testcases.BlogsTestcase"/>
  <testcase name="TC09" time="26.771" classname="com.pregopower.provider.testcases.BlogsTestcase"/>
  <testcase name="TC02" time="20.197" classname="com.pregopower.provider.testcases.BlogsTestcase"/>
  <testcase name="TC04" time="13.556" classname="com.pregopower.provider.testcases.BlogsTestcase"/>
  <testcase name="TC06" time="17.203" classname="com.pregopower.provider.testcases.BlogsTestcase"/>
  <testcase name="TC01" time="23.403" classname="com.pregopower.provider.testcases.BlogsTestcase"/>
  <testcase name="TC05" time="1.051" classname="com.pregopower.provider.testcases.BlogsTestcase"/>
  <testcase name="TC07" time="12.410" classname="com.pregopower.provider.testcases.BlogsTestcase"/>
</testsuite> <!-- com.pregopower.provider.testcases.BlogsTestcase -->
